<<<<<<< HEAD
﻿  Editor_Window.vcxproj -> D:\dx\JEngine\x64\Debug\Editor_Window.exe
=======
﻿  unity_N2660V90AEWD800F.cpp
D:\dx\JEngine\Engine_SOURCE\niCamera.cpp(105,15): warning C4244: '초기화 중': 'LONG'에서 'float'(으)로 변환하면서 데이터가 손실될 수 있습니다.
D:\dx\JEngine\Engine_SOURCE\niCamera.cpp(106,16): warning C4244: '초기화 중': 'LONG'에서 'float'(으)로 변환하면서 데이터가 손실될 수 있습니다.
D:\dx\JEngine\Engine_SOURCE\niGraphicDevice_Dx11.cpp(416,107): warning C4244: '인수': 'float'에서 'UINT8'(으)로 변환하면서 데이터가 손실될 수 있습니다.
D:\dx\JEngine\Engine_SOURCE\niRenderer.cpp(205,60): warning C4267: '인수': 'size_t'에서 'UINT'(으)로 변환하면서 데이터가 손실될 수 있습니다.
D:\dx\JEngine\Engine_SOURCE\niRenderer.cpp(214,57): warning C4267: '인수': 'size_t'에서 'UINT'(으)로 변환하면서 데이터가 손실될 수 있습니다.
D:\dx\JEngine\Engine_SOURCE\niRenderer.cpp(221,65): warning C4267: '인수': 'size_t'에서 'UINT'(으)로 변환하면서 데이터가 손실될 수 있습니다.
D:\dx\JEngine\Engine_SOURCE\niRenderer.cpp(222,62): warning C4267: '인수': 'size_t'에서 'UINT'(으)로 변환하면서 데이터가 손실될 수 있습니다.
D:\dx\JEngine\Engine_SOURCE\niRenderer.cpp(268,67): warning C4267: '인수': 'size_t'에서 'UINT'(으)로 변환하면서 데이터가 손실될 수 있습니다.
D:\dx\JEngine\Engine_SOURCE\niRenderer.cpp(269,64): warning C4267: '인수': 'size_t'에서 'UINT'(으)로 변환하면서 데이터가 손실될 수 있습니다.
D:\dx\JEngine\Engine_SOURCE\niTexture.cpp(52,37): warning C4244: '=': 'const size_t'에서 'float'(으)로 변환하면서 데이터가 손실될 수 있습니다.
D:\dx\JEngine\Engine_SOURCE\niTexture.cpp(53,38): warning C4244: '=': 'const size_t'에서 'float'(으)로 변환하면서 데이터가 손실될 수 있습니다.
D:\dx\JEngine\Engine_SOURCE\niGameObject.h(66): warning C4172: 지역 변수 또는 임시: comps의 주소를 반환하고 있습니다.
DirectXTex.lib(DirectXTexImage.obj) : warning LNK4099: '' PDB를 'DirectXTex.lib(DirectXTexImage.obj)' 또는 ''에서 찾을 수 없습니다. 디버그 정보가 없는 것처럼 개체를 링크합니다.
DirectXTex.lib(DirectXTexDDS.obj) : warning LNK4099: '' PDB를 'DirectXTex.lib(DirectXTexDDS.obj)' 또는 ''에서 찾을 수 없습니다. 디버그 정보가 없는 것처럼 개체를 링크합니다.
DirectXTex.lib(DirectXTexTGA.obj) : warning LNK4099: '' PDB를 'DirectXTex.lib(DirectXTexTGA.obj)' 또는 ''에서 찾을 수 없습니다. 디버그 정보가 없는 것처럼 개체를 링크합니다.
DirectXTex.lib(DirectXTexWIC.obj) : warning LNK4099: '' PDB를 'DirectXTex.lib(DirectXTexWIC.obj)' 또는 ''에서 찾을 수 없습니다. 디버그 정보가 없는 것처럼 개체를 링크합니다.
DirectXTex.lib(DirectXTexD3D11.obj) : warning LNK4099: '' PDB를 'DirectXTex.lib(DirectXTexD3D11.obj)' 또는 ''에서 찾을 수 없습니다. 디버그 정보가 없는 것처럼 개체를 링크합니다.
DirectXTex.lib(DirectXTexUtil.obj) : warning LNK4099: '' PDB를 'DirectXTex.lib(DirectXTexUtil.obj)' 또는 ''에서 찾을 수 없습니다. 디버그 정보가 없는 것처럼 개체를 링크합니다.
DirectXTex.lib(DirectXTexConvert.obj) : warning LNK4099: '' PDB를 'DirectXTex.lib(DirectXTexConvert.obj)' 또는 ''에서 찾을 수 없습니다. 디버그 정보가 없는 것처럼 개체를 링크합니다.
DirectXTex.lib(DirectXTexCompress.obj) : warning LNK4099: '' PDB를 'DirectXTex.lib(DirectXTexCompress.obj)' 또는 ''에서 찾을 수 없습니다. 디버그 정보가 없는 것처럼 개체를 링크합니다.
DirectXTex.lib(DirectXTexMipMaps.obj) : warning LNK4099: '' PDB를 'DirectXTex.lib(DirectXTexMipMaps.obj)' 또는 ''에서 찾을 수 없습니다. 디버그 정보가 없는 것처럼 개체를 링크합니다.
DirectXTex.lib(BC.obj) : warning LNK4099: '' PDB를 'DirectXTex.lib(BC.obj)' 또는 ''에서 찾을 수 없습니다. 디버그 정보가 없는 것처럼 개체를 링크합니다.
DirectXTex.lib(BC4BC5.obj) : warning LNK4099: '' PDB를 'DirectXTex.lib(BC4BC5.obj)' 또는 ''에서 찾을 수 없습니다. 디버그 정보가 없는 것처럼 개체를 링크합니다.
DirectXTex.lib(BC6HBC7.obj) : warning LNK4099: '' PDB를 'DirectXTex.lib(BC6HBC7.obj)' 또는 ''에서 찾을 수 없습니다. 디버그 정보가 없는 것처럼 개체를 링크합니다.
  Editor_Window.vcxproj -> D:\dx\JEngine\x64\Debug\Editor_Window.exe
>>>>>>> 0cce9ab6c2137beda866605cf08b464907cb6728
