c:\jengine\editor_window\x64\debug\vc143.pdb
c:\jengine\editor_window\x64\debug\vc143.idb
c:\jengine\editor_window\x64\debug\main.obj
c:\jengine\editor_window\x64\debug\nitime.obj
c:\jengine\editor_window\x64\debug\nishader.obj
c:\jengine\editor_window\x64\debug\niresources.obj
c:\users\o0o_j\onedrive\바탕 화면\jengine\editor_window\x64\debug\vc143.pdb
c:\users\o0o_j\onedrive\바탕 화면\jengine\editor_window\x64\debug\vc143.idb
d:\dx\jengine\editor_window\x64\debug\editor_window.res
c:\jengine\editor_window\x64\debug\editor_window.res
c:\jengine\editor_window\x64\debug\niapplication.obj
c:\jengine\editor_window\x64\debug\nientity.obj
c:\jengine\editor_window\x64\debug\nigraphicdevice_dx11.obj
c:\jengine\editor_window\x64\debug\niinput.obj
c:\jengine\editor_window\x64\debug\nimath.obj
c:\jengine\editor_window\x64\debug\nimesh.obj
c:\jengine\editor_window\x64\debug\nirenderer.obj
c:\jengine\editor_window\x64\debug\niresource.obj
c:\jengine\editor_window\x64\debug\yaapplication.obj
c:\jengine\editor_window\x64\debug\yaentity.obj
c:\jengine\editor_window\x64\debug\yagraphicdevice_dx11.obj
c:\jengine\editor_window\x64\debug\yainput.obj
c:\jengine\editor_window\x64\debug\yamath.obj
c:\jengine\editor_window\x64\debug\yarenderer.obj
c:\jengine\editor_window\x64\debug\yaresource.obj
c:\jengine\editor_window\x64\debug\yaresources.obj
c:\jengine\editor_window\x64\debug\yatime.obj
c:\jengine\editor_window\x64\debug\nirenderer.obj.enc
c:\jengine\x64\debug\editor_window.pdb
c:\jengine\editor_window\x64\debug\editor_window.tlog\cl.command.1.tlog
c:\jengine\editor_window\x64\debug\editor_window.tlog\cl.items.tlog
c:\jengine\editor_window\x64\debug\editor_window.tlog\cl.read.1.tlog
c:\jengine\editor_window\x64\debug\editor_window.tlog\cl.write.1.tlog
c:\jengine\editor_window\x64\debug\editor_window.tlog\link-cvtres.read.1.tlog
c:\jengine\editor_window\x64\debug\editor_window.tlog\link-rc.read.1.tlog
c:\jengine\editor_window\x64\debug\editor_window.tlog\link-rc.write.1.tlog
c:\jengine\editor_window\x64\debug\editor_window.tlog\link.command.1.tlog
c:\jengine\editor_window\x64\debug\editor_window.tlog\link.read.1.tlog
c:\jengine\editor_window\x64\debug\editor_window.tlog\link.read.2.tlog
c:\jengine\editor_window\x64\debug\editor_window.tlog\link.write.1.tlog
c:\jengine\editor_window\x64\debug\editor_window.tlog\rc.command.1.tlog
c:\jengine\editor_window\x64\debug\editor_window.tlog\rc.read.1.tlog
c:\jengine\editor_window\x64\debug\editor_window.tlog\rc.write.1.tlog
