  niCameraScript.cpp
D:\dx\JEngine\Engine_SOURCE\niCameraScript.cpp(17,18): warning C4244: '+=': 'double'에서 'float'(으)로 변환하면서 데이터가 손실될 수 있습니다.
D:\dx\JEngine\Engine_SOURCE\niCameraScript.cpp(22,18): warning C4244: '-=': 'double'에서 'float'(으)로 변환하면서 데이터가 손실될 수 있습니다.
D:\dx\JEngine\Engine_SOURCE\niCameraScript.cpp(27,18): warning C4244: '-=': 'double'에서 'float'(으)로 변환하면서 데이터가 손실될 수 있습니다.
D:\dx\JEngine\Engine_SOURCE\niCameraScript.cpp(32,18): warning C4244: '+=': 'double'에서 'float'(으)로 변환하면서 데이터가 손실될 수 있습니다.
D:\dx\JEngine\Engine_SOURCE\niCameraScript.cpp(37,18): warning C4244: '-=': 'double'에서 'float'(으)로 변환하면서 데이터가 손실될 수 있습니다.
D:\dx\JEngine\Engine_SOURCE\niCameraScript.cpp(42,18): warning C4244: '+=': 'double'에서 'float'(으)로 변환하면서 데이터가 손실될 수 있습니다.
  niPlayScene.cpp
  niApplication.cpp
  niCamera.cpp
D:\dx\JEngine\Engine_SOURCE\niCamera.cpp(105,15): warning C4244: '초기화 중': 'LONG'에서 'float'(으)로 변환하면서 데이터가 손실될 수 있습니다.
D:\dx\JEngine\Engine_SOURCE\niCamera.cpp(106,16): warning C4244: '초기화 중': 'LONG'에서 'float'(으)로 변환하면서 데이터가 손실될 수 있습니다.
  niCellScene.cpp
  niCollider2D.cpp
  niCollisionManager.cpp
  niFeed.cpp
  niGameObject.cpp
  niGraphicDevice_Dx11.cpp
D:\dx\JEngine\Engine_SOURCE\niGraphicDevice_Dx11.cpp(416,107): warning C4244: '인수': 'float'에서 'UINT8'(으)로 변환하면서 데이터가 손실될 수 있습니다.
  niInput.cpp
  niLayer.cpp
  niMaterial.cpp
  niMeshRenderer.cpp
  niPlayer.cpp
  niRenderer.cpp
D:\dx\JEngine\Engine_SOURCE\niRenderer.cpp(205,60): warning C4267: '인수': 'size_t'에서 'UINT'(으)로 변환하면서 데이터가 손실될 수 있습니다.
D:\dx\JEngine\Engine_SOURCE\niRenderer.cpp(214,57): warning C4267: '인수': 'size_t'에서 'UINT'(으)로 변환하면서 데이터가 손실될 수 있습니다.
D:\dx\JEngine\Engine_SOURCE\niRenderer.cpp(221,65): warning C4267: '인수': 'size_t'에서 'UINT'(으)로 변환하면서 데이터가 손실될 수 있습니다.
D:\dx\JEngine\Engine_SOURCE\niRenderer.cpp(222,62): warning C4267: '인수': 'size_t'에서 'UINT'(으)로 변환하면서 데이터가 손실될 수 있습니다.
D:\dx\JEngine\Engine_SOURCE\niRenderer.cpp(268,67): warning C4267: '인수': 'size_t'에서 'UINT'(으)로 변환하면서 데이터가 손실될 수 있습니다.
D:\dx\JEngine\Engine_SOURCE\niRenderer.cpp(269,64): warning C4267: '인수': 'size_t'에서 'UINT'(으)로 변환하면서 데이터가 손실될 수 있습니다.
  niScene.cpp
  niSceneManager.cpp
  niTime.cpp
  niTransform.cpp
  코드를 생성하고 있습니다...
D:\dx\JEngine\Engine_SOURCE\niGameObject.h(66): warning C4172: 지역 변수 또는 임시: comps의 주소를 반환하고 있습니다.
  컴파일하고 있습니다...
  niBossScene.cpp
  niIntroScene.cpp
  코드를 생성하고 있습니다...
  JEngine.vcxproj -> D:\dx\JEngine\x64\Debug\JEngine.lib
